# JRE version: Java(TM) SE Runtime Environment (8.0_92-b14) (build 1.8.0_92-b14)
# Java VM: Java HotSpot(TM) Client VM (25.92-b14 mixed mode windows-x86 )
Heap:
 def new generation   total 92352K, used 68558K [0x04600000, 0x0aa30000, 0x0f0a0000)
  eden space 82112K,  81% used [0x04600000, 0x08734dd0, 0x09630000)
  from space 10240K,  17% used [0x0a030000, 0x0a1eedb8, 0x0aa30000)
  to   space 10240K,   0% used [0x09630000, 0x09630000, 0x0a030000)
 tenured generation   total 204984K, used 180072K [0x0f0a0000, 0x1b8ce000, 0x24600000)
   the space 204984K,  87% used [0x0f0a0000, 0x1a07a270, 0x1a07a400, 0x1b8ce000)
 Metaspace       used 20417K, capacity 20951K, committed 21120K, reserved 21888K
GC Heap History (10 events):
Event: 44794.771 GC heap before
{Heap before GC invocations=515 (full 7):
 def new generation   total 92352K, used 85482K [0x04600000, 0x0aa30000, 0x0f0a0000)
  eden space 82112K, 100% used [0x04600000, 0x09630000, 0x09630000)
  from space 10240K,  32% used [0x09630000, 0x0997ab10, 0x0a030000)
  to   space 10240K,   0% used [0x0a030000, 0x0a030000, 0x0aa30000)
 tenured generation   total 204984K, used 159357K [0x0f0a0000, 0x1b8ce000, 0x24600000)
   the space 204984K,  77% used [0x0f0a0000, 0x18c3f7c8, 0x18c3f800, 0x1b8ce000)
 Metaspace       used 20417K, capacity 20951K, committed 21120K, reserved 21888K
Event: 44794.777 GC heap after
Heap after GC invocations=516 (full 7):
 def new generation   total 92352K, used 3629K [0x04600000, 0x0aa30000, 0x0f0a0000)
  eden space 82112K,   0% used [0x04600000, 0x04600000, 0x09630000)
  from space 10240K,  35% used [0x0a030000, 0x0a3bb560, 0x0aa30000)
  to   space 10240K,   0% used [0x09630000, 0x09630000, 0x0a030000)
 tenured generation   total 204984K, used 159357K [0x0f0a0000, 0x1b8ce000, 0x24600000)
   the space 204984K,  77% used [0x0f0a0000, 0x18c3f7c8, 0x18c3f800, 0x1b8ce000)
 Metaspace       used 20417K, capacity 20951K, committed 21120K, reserved 21888K
}
Event: 44867.678 GC heap before
{Heap before GC invocations=516 (full 7):
 def new generation   total 92352K, used 85741K [0x04600000, 0x0aa30000, 0x0f0a0000)
  eden space 82112K, 100% used [0x04600000, 0x09630000, 0x09630000)
  from space 10240K,  35% used [0x0a030000, 0x0a3bb560, 0x0aa30000)
  to   space 10240K,   0% used [0x09630000, 0x09630000, 0x0a030000)
 tenured generation   total 204984K, used 159357K [0x0f0a0000, 0x1b8ce000, 0x24600000)
   the space 204984K,  77% used [0x0f0a0000, 0x18c3f7c8, 0x18c3f800, 0x1b8ce000)
 Metaspace       used 20417K, capacity 20951K, committed 21120K, reserved 21888K
Event: 44867.686 GC heap after
Heap after GC invocations=517 (full 7):
 def new generation   total 92352K, used 7828K [0x04600000, 0x0aa30000, 0x0f0a0000)
  eden space 82112K,   0% used [0x04600000, 0x04600000, 0x09630000)
  from space 10240K,  76% used [0x09630000, 0x09dd5200, 0x0a030000)
  to   space 10240K,   0% used [0x0a030000, 0x0a030000, 0x0aa30000)
 tenured generation   total 204984K, used 159357K [0x0f0a0000, 0x1b8ce000, 0x24600000)
   the space 204984K,  77% used [0x0f0a0000, 0x18c3f7c8, 0x18c3f800, 0x1b8ce000)
 Metaspace       used 20417K, capacity 20951K, committed 21120K, reserved 21888K
}
Event: 44935.104 GC heap before
{Heap before GC invocations=517 (full 7):
 def new generation   total 92352K, used 88149K [0x04600000, 0x0aa30000, 0x0f0a0000)
  eden space 82112K,  97% used [0x04600000, 0x09470208, 0x09630000)
  from space 10240K,  76% used [0x09630000, 0x09dd5200, 0x0a030000)
  to   space 10240K,   0% used [0x0a030000, 0x0a030000, 0x0aa30000)
 tenured generation   total 204984K, used 159357K [0x0f0a0000, 0x1b8ce000, 0x24600000)
   the space 204984K,  77% used [0x0f0a0000, 0x18c3f7c8, 0x18c3f800, 0x1b8ce000)
 Metaspace       used 20417K, capacity 20951K, committed 21120K, reserved 21888K
Event: 44935.122 GC heap after
Heap after GC invocations=518 (full 7):
 def new generation   total 92352K, used 10240K [0x04600000, 0x0aa30000, 0x0f0a0000)
  eden space 82112K,   0% used [0x04600000, 0x04600000, 0x09630000)
  from space 10240K, 100% used [0x0a030000, 0x0aa30000, 0x0aa30000)
  to   space 10240K,   0% used [0x09630000, 0x09630000, 0x0a030000)
 tenured generation   total 204984K, used 164799K [0x0f0a0000, 0x1b8ce000, 0x24600000)
   the space 204984K,  80% used [0x0f0a0000, 0x1918fc38, 0x1918fe00, 0x1b8ce000)
 Metaspace       used 20417K, capacity 20951K, committed 21120K, reserved 21888K
}
Event: 44991.824 GC heap before
{Heap before GC invocations=518 (full 7):
 def new generation   total 92352K, used 92352K [0x04600000, 0x0aa30000, 0x0f0a0000)
  eden space 82112K, 100% used [0x04600000, 0x09630000, 0x09630000)
  from space 10240K, 100% used [0x0a030000, 0x0aa30000, 0x0aa30000)
  to   space 10240K,   0% used [0x09630000, 0x09630000, 0x0a030000)
 tenured generation   total 204984K, used 164799K [0x0f0a0000, 0x1b8ce000, 0x24600000)
   the space 204984K,  80% used [0x0f0a0000, 0x1918fc68, 0x1918fe00, 0x1b8ce000)
 Metaspace       used 20417K, capacity 20951K, committed 21120K, reserved 21888K
Event: 44991.835 GC heap after
Heap after GC invocations=519 (full 7):
 def new generation   total 92352K, used 7218K [0x04600000, 0x0aa30000, 0x0f0a0000)
  eden space 82112K,   0% used [0x04600000, 0x04600000, 0x09630000)
  from space 10240K,  70% used [0x09630000, 0x09d3ca78, 0x0a030000)
  to   space 10240K,   0% used [0x0a030000, 0x0a030000, 0x0aa30000)
 tenured generation   total 204984K, used 173541K [0x0f0a0000, 0x1b8ce000, 0x24600000)
   the space 204984K,  84% used [0x0f0a0000, 0x19a197e8, 0x19a19800, 0x1b8ce000)
 Metaspace       used 20417K, capacity 20951K, committed 21120K, reserved 21888K
}
Event: 45058.688 GC heap before
{Heap before GC invocations=519 (full 7):
 def new generation   total 92352K, used 89330K [0x04600000, 0x0aa30000, 0x0f0a0000)
  eden space 82112K, 100% used [0x04600000, 0x09630000, 0x09630000)
  from space 10240K,  70% used [0x09630000, 0x09d3ca78, 0x0a030000)
  to   space 10240K,   0% used [0x0a030000, 0x0a030000, 0x0aa30000)
 tenured generation   total 204984K, used 173541K [0x0f0a0000, 0x1b8ce000, 0x24600000)
   the space 204984K,  84% used [0x0f0a0000, 0x19a197e8, 0x19a19800, 0x1b8ce000)
 Metaspace       used 20417K, capacity 20951K, committed 21120K, reserved 21888K
Event: 45058.695 GC heap after
Heap after GC invocations=520 (full 7):
 def new generation   total 92352K, used 1787K [0x04600000, 0x0aa30000, 0x0f0a0000)
  eden space 82112K,   0% used [0x04600000, 0x04600000, 0x09630000)
  from space 10240K,  17% used [0x0a030000, 0x0a1eedb8, 0x0aa30000)
  to   space 10240K,   0% used [0x09630000, 0x09630000, 0x0a030000)
 tenured generation   total 204984K, used 180072K [0x0f0a0000, 0x1b8ce000, 0x24600000)
   the space 204984K,  87% used [0x0f0a0000, 0x1a07a270, 0x1a07a400, 0x1b8ce000)
 Metaspace       used 20417K, capacity 20951K, committed 21120K, reserved 21888K
}

