# JRE version: Java(TM) SE Runtime Environment (8.0_92-b14) (build 1.8.0_92-b14)
# Java VM: Java HotSpot(TM) Client VM (25.92-b14 mixed mode windows-x86 )
Heap:
 def new generation   total 39424K, used 20561K [0x04800000, 0x072c0000, 0x0f2a0000)
  eden space 35072K,  58% used [0x04800000, 0x05c12148, 0x06a40000)
  from space 4352K,   0% used [0x06e80000, 0x06e82470, 0x072c0000)
  to   space 4352K,   0% used [0x06a40000, 0x06a40000, 0x06e80000)
 tenured generation   total 87424K, used 73601K [0x0f2a0000, 0x14800000, 0x24800000)
   the space 87424K,  84% used [0x0f2a0000, 0x13a806b0, 0x13a80800, 0x14800000)
 Metaspace       used 20113K, capacity 20617K, committed 20864K, reserved 20864K
GC Heap History (10 events):
Event: 40453.515 GC heap before
{Heap before GC invocations=257 (full 2):
 def new generation   total 39424K, used 35403K [0x04800000, 0x072c0000, 0x0f2a0000)
  eden space 35072K, 100% used [0x04800000, 0x06a40000, 0x06a40000)
  from space 4352K,   7% used [0x06a40000, 0x06a92ce0, 0x06e80000)
  to   space 4352K,   0% used [0x06e80000, 0x06e80000, 0x072c0000)
 tenured generation   total 87424K, used 73293K [0x0f2a0000, 0x14800000, 0x24800000)
   the space 87424K,  83% used [0x0f2a0000, 0x13a337c8, 0x13a33800, 0x14800000)
 Metaspace       used 20113K, capacity 20617K, committed 20864K, reserved 20864K
Event: 40453.518 GC heap after
Heap after GC invocations=258 (full 2):
 def new generation   total 39424K, used 331K [0x04800000, 0x072c0000, 0x0f2a0000)
  eden space 35072K,   0% used [0x04800000, 0x04800000, 0x06a40000)
  from space 4352K,   7% used [0x06e80000, 0x06ed2e68, 0x072c0000)
  to   space 4352K,   0% used [0x06a40000, 0x06a40000, 0x06e80000)
 tenured generation   total 87424K, used 73296K [0x0f2a0000, 0x14800000, 0x24800000)
   the space 87424K,  83% used [0x0f2a0000, 0x13a34000, 0x13a34000, 0x14800000)
 Metaspace       used 20113K, capacity 20617K, committed 20864K, reserved 20864K
}
Event: 40690.931 GC heap before
{Heap before GC invocations=258 (full 2):
 def new generation   total 39424K, used 35403K [0x04800000, 0x072c0000, 0x0f2a0000)
  eden space 35072K, 100% used [0x04800000, 0x06a40000, 0x06a40000)
  from space 4352K,   7% used [0x06e80000, 0x06ed2e68, 0x072c0000)
  to   space 4352K,   0% used [0x06a40000, 0x06a40000, 0x06e80000)
 tenured generation   total 87424K, used 73296K [0x0f2a0000, 0x14800000, 0x24800000)
   the space 87424K,  83% used [0x0f2a0000, 0x13a34000, 0x13a34000, 0x14800000)
 Metaspace       used 20113K, capacity 20617K, committed 20864K, reserved 20864K
Event: 40690.934 GC heap after
Heap after GC invocations=259 (full 2):
 def new generation   total 39424K, used 312K [0x04800000, 0x072c0000, 0x0f2a0000)
  eden space 35072K,   0% used [0x04800000, 0x04800000, 0x06a40000)
  from space 4352K,   7% used [0x06a40000, 0x06a8e2c0, 0x06e80000)
  to   space 4352K,   0% used [0x06e80000, 0x06e80000, 0x072c0000)
 tenured generation   total 87424K, used 73301K [0x0f2a0000, 0x14800000, 0x24800000)
   the space 87424K,  83% used [0x0f2a0000, 0x13a35498, 0x13a35600, 0x14800000)
 Metaspace       used 20113K, capacity 20617K, committed 20864K, reserved 20864K
}
Event: 41012.305 GC heap before
{Heap before GC invocations=259 (full 2):
 def new generation   total 39424K, used 35384K [0x04800000, 0x072c0000, 0x0f2a0000)
  eden space 35072K, 100% used [0x04800000, 0x06a40000, 0x06a40000)
  from space 4352K,   7% used [0x06a40000, 0x06a8e2c0, 0x06e80000)
  to   space 4352K,   0% used [0x06e80000, 0x06e80000, 0x072c0000)
 tenured generation   total 87424K, used 73301K [0x0f2a0000, 0x14800000, 0x24800000)
   the space 87424K,  83% used [0x0f2a0000, 0x13a35498, 0x13a35600, 0x14800000)
 Metaspace       used 20113K, capacity 20617K, committed 20864K, reserved 20864K
Event: 41012.313 GC heap after
Heap after GC invocations=260 (full 2):
 def new generation   total 39424K, used 1581K [0x04800000, 0x072c0000, 0x0f2a0000)
  eden space 35072K,   0% used [0x04800000, 0x04800000, 0x06a40000)
  from space 4352K,  36% used [0x06e80000, 0x0700b550, 0x072c0000)
  to   space 4352K,   0% used [0x06a40000, 0x06a40000, 0x06e80000)
 tenured generation   total 87424K, used 73377K [0x0f2a0000, 0x14800000, 0x24800000)
   the space 87424K,  83% used [0x0f2a0000, 0x13a48400, 0x13a48400, 0x14800000)
 Metaspace       used 20113K, capacity 20617K, committed 20864K, reserved 20864K
}
Event: 42109.635 GC heap before
{Heap before GC invocations=260 (full 2):
 def new generation   total 39424K, used 36653K [0x04800000, 0x072c0000, 0x0f2a0000)
  eden space 35072K, 100% used [0x04800000, 0x06a40000, 0x06a40000)
  from space 4352K,  36% used [0x06e80000, 0x0700b550, 0x072c0000)
  to   space 4352K,   0% used [0x06a40000, 0x06a40000, 0x06e80000)
 tenured generation   total 87424K, used 73377K [0x0f2a0000, 0x14800000, 0x24800000)
   the space 87424K,  83% used [0x0f2a0000, 0x13a48400, 0x13a48400, 0x14800000)
 Metaspace       used 20113K, capacity 20617K, committed 20864K, reserved 20864K
Event: 42109.719 GC heap after
Heap after GC invocations=261 (full 2):
 def new generation   total 39424K, used 875K [0x04800000, 0x072c0000, 0x0f2a0000)
  eden space 35072K,   0% used [0x04800000, 0x04800000, 0x06a40000)
  from space 4352K,  20% used [0x06a40000, 0x06b1ad38, 0x06e80000)
  to   space 4352K,   0% used [0x06e80000, 0x06e80000, 0x072c0000)
 tenured generation   total 87424K, used 73486K [0x0f2a0000, 0x14800000, 0x24800000)
   the space 87424K,  84% used [0x0f2a0000, 0x13a63978, 0x13a63a00, 0x14800000)
 Metaspace       used 20113K, capacity 20617K, committed 20864K, reserved 20864K
}
Event: 43263.450 GC heap before
{Heap before GC invocations=261 (full 2):
 def new generation   total 39424K, used 35947K [0x04800000, 0x072c0000, 0x0f2a0000)
  eden space 35072K, 100% used [0x04800000, 0x06a40000, 0x06a40000)
  from space 4352K,  20% used [0x06a40000, 0x06b1ad38, 0x06e80000)
  to   space 4352K,   0% used [0x06e80000, 0x06e80000, 0x072c0000)
 tenured generation   total 87424K, used 73486K [0x0f2a0000, 0x14800000, 0x24800000)
   the space 87424K,  84% used [0x0f2a0000, 0x13a63978, 0x13a63a00, 0x14800000)
 Metaspace       used 20113K, capacity 20617K, committed 20864K, reserved 20864K
Event: 43263.487 GC heap after
Heap after GC invocations=262 (full 2):
 def new generation   total 39424K, used 9K [0x04800000, 0x072c0000, 0x0f2a0000)
  eden space 35072K,   0% used [0x04800000, 0x04800000, 0x06a40000)
  from space 4352K,   0% used [0x06e80000, 0x06e82470, 0x072c0000)
  to   space 4352K,   0% used [0x06a40000, 0x06a40000, 0x06e80000)
 tenured generation   total 87424K, used 73601K [0x0f2a0000, 0x14800000, 0x24800000)
   the space 87424K,  84% used [0x0f2a0000, 0x13a806b0, 0x13a80800, 0x14800000)
 Metaspace       used 20113K, capacity 20617K, committed 20864K, reserved 20864K
}

